<?xml version="1.0" encoding="UTF-8"?>
<!-- Generated by org.testng.reporters.JUnitXMLReporter -->
<testsuite ignored="1" hostname="IN-5CD521BFPW" failures="0" tests="1" name="Default test" time="5.547" errors="0" timestamp="2026-04-04T01:56:52 IST">
  <testcase classname="SeleniumPractice.SauceDemoTest" name="verifyAddToCart" time="0.96"/>
  <testcase classname="SeleniumPractice.SauceDemoTest" name="verifyLogin" time="0.0">
    <ignored/>
  </testcase> <!-- verifyLogin -->
</testsuite> <!-- Default test -->
