<?xml version="1.0" encoding="UTF-8"?>
<testng-results ignored="0" total="1" passed="1" failed="0" skipped="0">
  <reporter-output>
  </reporter-output>
  <suite started-at="2026-04-19T01:27:36 IST" name="Default suite" finished-at="2026-04-19T01:27:43 IST" duration-ms="6960">
    <groups>
    </groups>
    <test started-at="2026-04-19T01:27:36 IST" name="Default test" finished-at="2026-04-19T01:27:43 IST" duration-ms="6960">
      <class name="TestLab49.TestClass">
        <test-method is-config="true" signature="setup()[pri:0, instance:TestLab49.TestClass@6cd24612]" started-at="2026-04-19T01:27:36 IST" name="setup" finished-at="2026-04-19T01:27:40 IST" duration-ms="3467" status="PASS">
          <reporter-output>
          </reporter-output>
        </test-method> <!-- setup -->
        <test-method signature="verifyRegistrationPage()[pri:0, instance:TestLab49.TestClass@6cd24612]" started-at="2026-04-19T01:27:40 IST" name="verifyRegistrationPage" finished-at="2026-04-19T01:27:43 IST" duration-ms="3067" status="PASS">
          <reporter-output>
          </reporter-output>
        </test-method> <!-- verifyRegistrationPage -->
        <test-method is-config="true" signature="tearDown()[pri:0, instance:TestLab49.TestClass@6cd24612]" started-at="2026-04-19T01:27:43 IST" name="tearDown" finished-at="2026-04-19T01:27:43 IST" duration-ms="181" status="PASS">
          <reporter-output>
          </reporter-output>
        </test-method> <!-- tearDown -->
      </class> <!-- TestLab49.TestClass -->
    </test> <!-- Default test -->
  </suite> <!-- Default suite -->
</testng-results>
